2016-12-02T10:54:49+01:00 ERR (3): =================== EXCEPTION BEGIN ==================
User not found
2016-12-02T10:54:49+01:00 ERR (3): #0 D:\Projects\Git\php\www_v1\app\public\controllers\PageController.php(41): PublicController->doInit()
#1 D:\Projects\Git\php\www_v1\library\Zend\Controller\Action.php(513): PageController->indexAction()
#2 D:\Projects\Git\php\www_v1\library\Zend\Controller\Dispatcher\Standard.php(295): Zend_Controller_Action->dispatch('indexAction')
#3 D:\Projects\Git\php\www_v1\library\Zend\Controller\Front.php(954): Zend_Controller_Dispatcher_Standard->dispatch(Object(Zend_Controller_Request_Http), Object(Zend_Controller_Response_Http))
#4 D:\Projects\Git\php\www_v1\library\Zend\Application\Bootstrap\Bootstrap.php(97): Zend_Controller_Front->dispatch()
#5 D:\Projects\Git\php\www_v1\library\Zend\Application.php(366): Zend_Application_Bootstrap_Bootstrap->run()
#6 D:\Projects\Git\php\www_v1\web\public\index.php(102): Zend_Application->run()
#7 {main}
2016-12-02T10:54:49+01:00 ERR (3): 
=================== EXCEPTION END ==================

2016-12-02T10:55:18+01:00 ERR (3): =================== EXCEPTION BEGIN ==================
User not found
2016-12-02T10:55:18+01:00 ERR (3): #0 D:\Projects\Git\php\www_v1\app\public\controllers\PageController.php(41): PublicController->doInit()
#1 D:\Projects\Git\php\www_v1\library\Zend\Controller\Action.php(513): PageController->indexAction()
#2 D:\Projects\Git\php\www_v1\library\Zend\Controller\Dispatcher\Standard.php(295): Zend_Controller_Action->dispatch('indexAction')
#3 D:\Projects\Git\php\www_v1\library\Zend\Controller\Front.php(954): Zend_Controller_Dispatcher_Standard->dispatch(Object(Zend_Controller_Request_Http), Object(Zend_Controller_Response_Http))
#4 D:\Projects\Git\php\www_v1\library\Zend\Application\Bootstrap\Bootstrap.php(97): Zend_Controller_Front->dispatch()
#5 D:\Projects\Git\php\www_v1\library\Zend\Application.php(366): Zend_Application_Bootstrap_Bootstrap->run()
#6 D:\Projects\Git\php\www_v1\web\public\index.php(102): Zend_Application->run()
#7 {main}
2016-12-02T10:55:18+01:00 ERR (3): 
=================== EXCEPTION END ==================

2016-12-02T10:56:48+01:00 ERR (3): =================== EXCEPTION BEGIN ==================
User not found
2016-12-02T10:56:48+01:00 ERR (3): #0 D:\Projects\Git\php\www_v1\app\public\controllers\PageController.php(41): PublicController->doInit()
#1 D:\Projects\Git\php\www_v1\library\Zend\Controller\Action.php(513): PageController->indexAction()
#2 D:\Projects\Git\php\www_v1\library\Zend\Controller\Dispatcher\Standard.php(295): Zend_Controller_Action->dispatch('indexAction')
#3 D:\Projects\Git\php\www_v1\library\Zend\Controller\Front.php(954): Zend_Controller_Dispatcher_Standard->dispatch(Object(Zend_Controller_Request_Http), Object(Zend_Controller_Response_Http))
#4 D:\Projects\Git\php\www_v1\library\Zend\Application\Bootstrap\Bootstrap.php(97): Zend_Controller_Front->dispatch()
#5 D:\Projects\Git\php\www_v1\library\Zend\Application.php(366): Zend_Application_Bootstrap_Bootstrap->run()
#6 D:\Projects\Git\php\www_v1\web\public\index.php(102): Zend_Application->run()
#7 {main}
2016-12-02T10:56:48+01:00 ERR (3): 
=================== EXCEPTION END ==================

2016-12-02T11:03:24+01:00 ERR (3): Fetch query failed: Unable to retrieve server info [401]:
Headers: Array
(
    [Date] =>  Fri, 02 Dec 2016 10:03:24 GMT
    [Content-Type] =>  application/json; charset=UTF-8
    [WWW-Authenticate] =>  Basic realm="Neo4j"
    [Content-Length] =>  138
    [Server] =>  Jetty(9.2.z-SNAPSHOT)
)
Body: Array
(
    [errors] => Array
        (
            [0] => Array
                (
                    [code] => Neo.ClientError.Security.Unauthorized
                    [message] => No authentication header supplied.
                )

        )

)

2016-12-02T11:03:24+01:00 ERR (3): get Node failed: Unable to search index [401]:
Headers: Array
(
    [Date] =>  Fri, 02 Dec 2016 10:03:24 GMT
    [Content-Type] =>  application/json; charset=UTF-8
    [WWW-Authenticate] =>  Basic realm="Neo4j"
    [Content-Length] =>  138
    [Server] =>  Jetty(9.2.z-SNAPSHOT)
)
Body: Array
(
    [errors] => Array
        (
            [0] => Array
                (
                    [code] => Neo.ClientError.Security.Unauthorized
                    [message] => No authentication header supplied.
                )

        )

)

2016-12-02T11:03:24+01:00 ERR (3): get Node failed: Unable to search index [401]:
Headers: Array
(
    [Date] =>  Fri, 02 Dec 2016 10:03:24 GMT
    [Content-Type] =>  application/json; charset=UTF-8
    [WWW-Authenticate] =>  Basic realm="Neo4j"
    [Content-Length] =>  138
    [Server] =>  Jetty(9.2.z-SNAPSHOT)
)
Body: Array
(
    [errors] => Array
        (
            [0] => Array
                (
                    [code] => Neo.ClientError.Security.Unauthorized
                    [message] => No authentication header supplied.
                )

        )

)

